create extension pg_memstore;
select memstore.set('key-1', '{"abc" : 1}');
 set 
-----
 f
(1 row)

select memstore.get('key-1');
    get     
------------
 {"abc": 1}
(1 row)

select memstore.set('key-1', '{"abc" : 999}');
 set 
-----
 t
(1 row)

select memstore.get('key-1');
     get      
--------------
 {"abc": 999}
(1 row)

select memstore.set('123456789', '{"b" : 1}'); -- truncate the key
NOTICE:  key "123456789" will be truncated to "12345678"
 set 
-----
 f
(1 row)

select memstore.get('12345678');
   get    
----------
 {"b": 1}
(1 row)

select memstore.set('', '{"a":true}'); -- error
ERROR:  length of key must be more than 0
-- switch to another session
\c -
select * from memstore.list();
        key         |    value     
--------------------+--------------
 \x3132333435363738 | {"b": 1}
 \x6b65792d317e7f7f | {"abc": 999}
(2 rows)

select memstore.set('key-3', '{"abc": [1,2,3]}');
 set 
-----
 f
(1 row)

select memstore.get('key-3');
        get         
--------------------
 {"abc": [1, 2, 3]}
(1 row)

select memstore.delete('key-1');
 delete 
--------
 t
(1 row)

select * from memstore.list();
        key         |       value        
--------------------+--------------------
 \x3132333435363738 | {"b": 1}
 \x6b65792d337e7f7f | {"abc": [1, 2, 3]}
(2 rows)

